0 info it worked if it ends with ok
1 verbose cli [ '/home/phoenix/.nvm/versions/node/v6.9.1/bin/node',
1 verbose cli   '/home/phoenix/.nvm/versions/node/v6.9.1/bin/npm',
1 verbose cli   'install',
1 verbose cli   '--save-dev',
1 verbose cli   '@flaming_phoenix/git-with-npm-scripts' ]
2 info using npm@4.0.3
3 info using node@v6.9.1
4 silly loadCurrentTree Starting
5 silly install loadCurrentTree
6 silly install readLocalPackageData
7 silly fetchPackageMetaData @flaming_phoenix/git-with-npm-scripts
8 silly fetchNamedPackageData @flaming_phoenix/git-with-npm-scripts
9 silly mapToRegistry name @flaming_phoenix/git-with-npm-scripts
10 silly mapToRegistry scope (from package name) @flaming_phoenix
11 verbose mapToRegistry no registry URL found in name for scope @flaming_phoenix
12 silly mapToRegistry using default registry
13 silly mapToRegistry registry https://registry.npmjs.org/
14 silly mapToRegistry data Result {
14 silly mapToRegistry   raw: '@flaming_phoenix/git-with-npm-scripts',
14 silly mapToRegistry   scope: '@flaming_phoenix',
14 silly mapToRegistry   escapedName: '@flaming_phoenix%2fgit-with-npm-scripts',
14 silly mapToRegistry   name: '@flaming_phoenix/git-with-npm-scripts',
14 silly mapToRegistry   rawSpec: '',
14 silly mapToRegistry   spec: 'latest',
14 silly mapToRegistry   type: 'tag' }
15 silly mapToRegistry uri https://registry.npmjs.org/@flaming_phoenix%2fgit-with-npm-scripts
16 verbose request uri https://registry.npmjs.org/@flaming_phoenix%2fgit-with-npm-scripts
17 verbose request no auth needed
18 info attempt registry request try #1 at 1:27:13 PM
19 verbose request using bearer token for auth
20 verbose request id 2ccae7166e8bdd03
21 http request GET https://registry.npmjs.org/@flaming_phoenix%2fgit-with-npm-scripts
22 http 200 https://registry.npmjs.org/@flaming_phoenix%2fgit-with-npm-scripts
23 verbose headers { server: 'CouchDB/1.5.0 (Erlang OTP/R16B03)',
23 verbose headers   'content-type': 'application/json',
23 verbose headers   etag: '"58524c16-8c3"',
23 verbose headers   'content-encoding': 'gzip',
23 verbose headers   'cache-control': 'max-age=0',
23 verbose headers   'transfer-encoding': 'chunked',
23 verbose headers   'accept-ranges': 'bytes',
23 verbose headers   date: 'Thu, 15 Dec 2016 07:57:15 GMT',
23 verbose headers   via: '1.1 varnish',
23 verbose headers   connection: 'keep-alive',
23 verbose headers   'x-served-by': 'cache-sin6921-SIN',
23 verbose headers   'x-cache': 'MISS',
23 verbose headers   'x-cache-hits': '0',
23 verbose headers   'x-timer': 'S1481788634.972166,VS0,VE238',
23 verbose headers   vary: 'Accept-Encoding' }
24 silly get cb [ 200,
24 silly get   { server: 'CouchDB/1.5.0 (Erlang OTP/R16B03)',
24 silly get     'content-type': 'application/json',
24 silly get     etag: '"58524c16-8c3"',
24 silly get     'content-encoding': 'gzip',
24 silly get     'cache-control': 'max-age=0',
24 silly get     'transfer-encoding': 'chunked',
24 silly get     'accept-ranges': 'bytes',
24 silly get     date: 'Thu, 15 Dec 2016 07:57:15 GMT',
24 silly get     via: '1.1 varnish',
24 silly get     connection: 'keep-alive',
24 silly get     'x-served-by': 'cache-sin6921-SIN',
24 silly get     'x-cache': 'MISS',
24 silly get     'x-cache-hits': '0',
24 silly get     'x-timer': 'S1481788634.972166,VS0,VE238',
24 silly get     vary: 'Accept-Encoding' } ]
25 verbose get saving @flaming_phoenix/git-with-npm-scripts to /home/phoenix/.npm/registry.npmjs.org/_40flaming_phoenix_252fgit-with-npm-scripts/.cache.json
26 verbose correctMkdir /home/phoenix/.npm correctMkdir not in flight; initializing
27 silly install normalizeTree
28 silly loadCurrentTree Finishing
29 silly loadIdealTree Starting
30 silly install loadIdealTree
31 silly cloneCurrentTree Starting
32 silly install cloneCurrentTreeToIdealTree
33 silly cloneCurrentTree Finishing
34 silly loadShrinkwrap Starting
35 silly install loadShrinkwrap
36 silly loadShrinkwrap Finishing
37 silly loadAllDepsIntoIdealTree Starting
38 silly install loadAllDepsIntoIdealTree
39 silly rollbackFailedOptional Starting
40 silly rollbackFailedOptional Finishing
41 silly runTopLevelLifecycles Finishing
42 silly install printInstalled
43 verbose stack Error: Refusing to install package with name "@flaming_phoenix/git-with-npm-scripts" under a package
43 verbose stack also called "@flaming_phoenix/git-with-npm-scripts". Did you name your project the same
43 verbose stack as the dependency you're installing?
43 verbose stack
43 verbose stack For more information, see:
43 verbose stack     <https://docs.npmjs.com/cli/install#limitations-of-npms-install-algorithm>
43 verbose stack     at checkSelf (/home/phoenix/.nvm/versions/node/v6.9.1/lib/node_modules/npm/lib/install/validate-args.js:53:14)
43 verbose stack     at Array.<anonymous> (/home/phoenix/.nvm/versions/node/v6.9.1/lib/node_modules/npm/node_modules/slide/lib/bind-actor.js:15:8)
43 verbose stack     at LOOP (/home/phoenix/.nvm/versions/node/v6.9.1/lib/node_modules/npm/node_modules/slide/lib/chain.js:15:14)
43 verbose stack     at chain (/home/phoenix/.nvm/versions/node/v6.9.1/lib/node_modules/npm/node_modules/slide/lib/chain.js:20:5)
43 verbose stack     at /home/phoenix/.nvm/versions/node/v6.9.1/lib/node_modules/npm/lib/install/validate-args.js:16:5
43 verbose stack     at /home/phoenix/.nvm/versions/node/v6.9.1/lib/node_modules/npm/node_modules/slide/lib/async-map.js:52:35
43 verbose stack     at Array.forEach (native)
43 verbose stack     at /home/phoenix/.nvm/versions/node/v6.9.1/lib/node_modules/npm/node_modules/slide/lib/async-map.js:52:11
43 verbose stack     at Array.forEach (native)
43 verbose stack     at asyncMap (/home/phoenix/.nvm/versions/node/v6.9.1/lib/node_modules/npm/node_modules/slide/lib/async-map.js:51:8)
44 verbose cwd /home/phoenix/Codes/git-with-npm-scripts
45 error Linux 4.4.0-53-generic
46 error argv "/home/phoenix/.nvm/versions/node/v6.9.1/bin/node" "/home/phoenix/.nvm/versions/node/v6.9.1/bin/npm" "install" "--save-dev" "@flaming_phoenix/git-with-npm-scripts"
47 error node v6.9.1
48 error npm  v4.0.3
49 error code ENOSELF
50 error Refusing to install package with name "@flaming_phoenix/git-with-npm-scripts" under a package
50 error also called "@flaming_phoenix/git-with-npm-scripts". Did you name your project the same
50 error as the dependency you're installing?
50 error
50 error For more information, see:
50 error     <https://docs.npmjs.com/cli/install#limitations-of-npms-install-algorithm>
51 error If you need help, you may report this error at:
51 error     <https://github.com/npm/npm/issues>
52 verbose exit [ 1, true ]
